INFO:werkzeug: * Restarting with stat
WARNING:werkzeug: * Debugger is active!
INFO:werkzeug: * Debugger PIN: 125-430-696
WARNING:werkzeug: * Running on all addresses.
   WARNING: This is a development server. Do not use it in a production deployment.
INFO:werkzeug: * Running on http://192.168.8.113:5000/ (Press CTRL+C to quit)
DEBUG:urllib3.connectionpool:Starting new HTTPS connection (1): api.github.com:443
DEBUG:urllib3.connectionpool:https://api.github.com:443 "GET /repos/isuru9625/Distributed-Overlay-System-Distributed/commits?since=2023-11-22T08%3A26%3A00Z&author=lakshanmamalgaha HTTP/1.1" 200 2
DEBUG:urllib3.connectionpool:Starting new HTTPS connection (1): api.github.com:443
DEBUG:urllib3.connectionpool:https://api.github.com:443 "GET /repos/isuru9625/Distributed-Overlay-System-Distributed/commits?author=lakshanmamalgaha&page=1 HTTP/1.1" 200 None
DEBUG:urllib3.connectionpool:Starting new HTTPS connection (1): api.github.com:443
DEBUG:urllib3.connectionpool:https://api.github.com:443 "GET /repos/isuru9625/Distributed-Overlay-System-Distributed/commits?author=lakshanmamalgaha&page=1 HTTP/1.1" 200 None
DEBUG:urllib3.connectionpool:Starting new HTTPS connection (1): api.github.com:443
DEBUG:urllib3.connectionpool:https://api.github.com:443 "GET /repos/isuru9625/Distributed-Overlay-System-Distributed/commits/2cff8eb6b6474f31c6f5829f68a9886119bad3bb HTTP/1.1" 200 None
DEBUG:urllib3.connectionpool:Starting new HTTPS connection (1): api.github.com:443
DEBUG:urllib3.connectionpool:https://api.github.com:443 "GET /repos/isuru9625/Distributed-Overlay-System-Distributed/commits/eac9862cd15a0b6425aa6794435c27173b9e4802 HTTP/1.1" 200 None
DEBUG:urllib3.connectionpool:Starting new HTTPS connection (1): api.github.com:443
DEBUG:urllib3.connectionpool:https://api.github.com:443 "GET /repos/isuru9625/Distributed-Overlay-System-Distributed/commits/32fee3a834aa201e778112b8e71675b002e47916 HTTP/1.1" 200 None
INFO:root:Metrics inserted successfully! ***
ERROR:root:An error occurred: 2005 (HY000): Unknown MySQL server host 'mysql' (11001)
Traceback (most recent call last):
  File "C:\Users\User\AppData\Local\Programs\Python\Python311\Lib\site-packages\mysql\connector\connection_cext.py", line 308, in _open_connection
    self._cmysql.connect(**cnx_kwargs)
_mysql_connector.MySQLInterfaceError: Unknown MySQL server host 'mysql' (11001)

The above exception was the direct cause of the following exception:

Traceback (most recent call last):
  File "C:\Users\User\Desktop\Container\statistics_service.py", line 118, in insert_metrics_into_mysql
    connection = mysql.connector.connect(
                 ^^^^^^^^^^^^^^^^^^^^^^^^
  File "C:\Users\User\AppData\Local\Programs\Python\Python311\Lib\site-packages\mysql\connector\pooling.py", line 293, in connect
    return CMySQLConnection(*args, **kwargs)
           ^^^^^^^^^^^^^^^^^^^^^^^^^^^^^^^^^
  File "C:\Users\User\AppData\Local\Programs\Python\Python311\Lib\site-packages\mysql\connector\connection_cext.py", line 129, in __init__
    self.connect(**kwargs)
  File "C:\Users\User\AppData\Local\Programs\Python\Python311\Lib\site-packages\mysql\connector\abstracts.py", line 1237, in connect
    self._open_connection()
  File "C:\Users\User\AppData\Local\Programs\Python\Python311\Lib\site-packages\mysql\connector\connection_cext.py", line 313, in _open_connection
    raise get_mysql_exception(
mysql.connector.errors.DatabaseError: 2005 (HY000): Unknown MySQL server host 'mysql' (11001)
INFO:werkzeug:127.0.0.1 - - [06/Dec/2023 13:56:08] "GET /get_statistics?github_username=lakshanmamalgaha&repository_owner=isuru9625&repository_name=Distributed-Overlay-System-Distributed&access_token=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 HTTP/1.1" 200 -
INFO:werkzeug: * Restarting with stat
WARNING:werkzeug: * Debugger is active!
INFO:werkzeug: * Debugger PIN: 125-430-696
WARNING:werkzeug: * Running on all addresses.
   WARNING: This is a development server. Do not use it in a production deployment.
INFO:werkzeug: * Running on http://192.168.8.113:3000/ (Press CTRL+C to quit)
INFO:werkzeug: * Restarting with stat
WARNING:werkzeug: * Debugger is active!
INFO:werkzeug: * Debugger PIN: 125-430-696
WARNING:werkzeug: * Running on all addresses.
   WARNING: This is a development server. Do not use it in a production deployment.
INFO:werkzeug: * Running on http://192.168.8.113:3000/ (Press CTRL+C to quit)
DEBUG:urllib3.connectionpool:Starting new HTTPS connection (1): api.github.com:443
DEBUG:urllib3.connectionpool:https://api.github.com:443 "GET /repos/isuru9625/Distributed-Overlay-System-Distributed/commits?since=2023-11-22T08%3A53%3A41Z&author=lakshanmamalgaha HTTP/1.1" 200 2
DEBUG:urllib3.connectionpool:Starting new HTTPS connection (1): api.github.com:443
DEBUG:urllib3.connectionpool:https://api.github.com:443 "GET /repos/isuru9625/Distributed-Overlay-System-Distributed/commits?author=lakshanmamalgaha&page=1 HTTP/1.1" 200 None
DEBUG:urllib3.connectionpool:Starting new HTTPS connection (1): api.github.com:443
DEBUG:urllib3.connectionpool:https://api.github.com:443 "GET /repos/isuru9625/Distributed-Overlay-System-Distributed/commits?author=lakshanmamalgaha&page=1 HTTP/1.1" 200 None
DEBUG:urllib3.connectionpool:Starting new HTTPS connection (1): api.github.com:443
DEBUG:urllib3.connectionpool:https://api.github.com:443 "GET /repos/isuru9625/Distributed-Overlay-System-Distributed/commits/2cff8eb6b6474f31c6f5829f68a9886119bad3bb HTTP/1.1" 200 None
DEBUG:urllib3.connectionpool:Starting new HTTPS connection (1): api.github.com:443
DEBUG:urllib3.connectionpool:https://api.github.com:443 "GET /repos/isuru9625/Distributed-Overlay-System-Distributed/commits/eac9862cd15a0b6425aa6794435c27173b9e4802 HTTP/1.1" 200 None
DEBUG:urllib3.connectionpool:Starting new HTTPS connection (1): api.github.com:443
DEBUG:urllib3.connectionpool:https://api.github.com:443 "GET /repos/isuru9625/Distributed-Overlay-System-Distributed/commits/32fee3a834aa201e778112b8e71675b002e47916 HTTP/1.1" 200 None
INFO:root:Metrics inserted successfully! ***
ERROR:root:An error occurred: 2005 (HY000): Unknown MySQL server host 'mysql' (11001)
Traceback (most recent call last):
  File "C:\Users\User\AppData\Local\Programs\Python\Python311\Lib\site-packages\mysql\connector\connection_cext.py", line 308, in _open_connection
    self._cmysql.connect(**cnx_kwargs)
_mysql_connector.MySQLInterfaceError: Unknown MySQL server host 'mysql' (11001)

The above exception was the direct cause of the following exception:

Traceback (most recent call last):
  File "C:\Users\User\Desktop\Container\statistics_service.py", line 118, in insert_metrics_into_mysql
    connection = mysql.connector.connect(
                 ^^^^^^^^^^^^^^^^^^^^^^^^
  File "C:\Users\User\AppData\Local\Programs\Python\Python311\Lib\site-packages\mysql\connector\pooling.py", line 293, in connect
    return CMySQLConnection(*args, **kwargs)
           ^^^^^^^^^^^^^^^^^^^^^^^^^^^^^^^^^
  File "C:\Users\User\AppData\Local\Programs\Python\Python311\Lib\site-packages\mysql\connector\connection_cext.py", line 129, in __init__
    self.connect(**kwargs)
  File "C:\Users\User\AppData\Local\Programs\Python\Python311\Lib\site-packages\mysql\connector\abstracts.py", line 1237, in connect
    self._open_connection()
  File "C:\Users\User\AppData\Local\Programs\Python\Python311\Lib\site-packages\mysql\connector\connection_cext.py", line 313, in _open_connection
    raise get_mysql_exception(
mysql.connector.errors.DatabaseError: 2005 (HY000): Unknown MySQL server host 'mysql' (11001)
INFO:werkzeug:127.0.0.1 - - [06/Dec/2023 14:23:49] "GET /get_statistics?github_username=lakshanmamalgaha&repository_owner=isuru9625&repository_name=Distributed-Overlay-System-Distributed&access_token=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 HTTP/1.1" 200 -
INFO:werkzeug:127.0.0.1 - - [06/Dec/2023 14:23:49] "[33mGET /favicon.ico HTTP/1.1[0m" 404 -
INFO:werkzeug: * Restarting with stat
WARNING:werkzeug: * Debugger is active!
INFO:werkzeug: * Debugger PIN: 125-430-696
WARNING:werkzeug: * Running on all addresses.
   WARNING: This is a development server. Do not use it in a production deployment.
INFO:werkzeug: * Running on http://192.168.8.113:3000/ (Press CTRL+C to quit)
INFO:werkzeug: * Restarting with stat
WARNING:werkzeug: * Debugger is active!
INFO:werkzeug: * Debugger PIN: 125-430-696
WARNING:werkzeug: * Running on all addresses.
   WARNING: This is a development server. Do not use it in a production deployment.
INFO:werkzeug: * Running on http://192.168.8.113:3000/ (Press CTRL+C to quit)
DEBUG:urllib3.connectionpool:Starting new HTTPS connection (1): api.github.com:443
DEBUG:urllib3.connectionpool:https://api.github.com:443 "GET /repos/isuru9625/Distributed-Overlay-System-Distributed/commits?since=2023-11-22T17%3A42%3A53Z&author=isuru9625 HTTP/1.1" 401 80
DEBUG:urllib3.connectionpool:Starting new HTTPS connection (1): api.github.com:443
DEBUG:urllib3.connectionpool:https://api.github.com:443 "GET /repos/isuru9625/Distributed-Overlay-System-Distributed/commits?author=isuru9625&page=1 HTTP/1.1" 401 80
DEBUG:urllib3.connectionpool:Starting new HTTPS connection (1): api.github.com:443
DEBUG:urllib3.connectionpool:https://api.github.com:443 "GET /repos/isuru9625/Distributed-Overlay-System-Distributed/commits?author=isuru9625&page=1 HTTP/1.1" 401 80
INFO:werkzeug:127.0.0.1 - - [06/Dec/2023 23:12:55] "[35m[1mGET /get_statistics?github_username=isuru9625&repository_owner=isuru9625&repository_name=Distributed-Overlay-System-Distributed&access_token=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 HTTP/1.1[0m" 500 -
DEBUG:urllib3.connectionpool:Starting new HTTPS connection (1): api.github.com:443
DEBUG:urllib3.connectionpool:https://api.github.com:443 "GET /repos/isuru9625/Distributed-Overlay-System-Distributed/commits?since=2023-11-22T17%3A42%3A58Z&author=isuru9625 HTTP/1.1" 401 80
DEBUG:urllib3.connectionpool:Starting new HTTPS connection (1): api.github.com:443
DEBUG:urllib3.connectionpool:https://api.github.com:443 "GET /repos/isuru9625/Distributed-Overlay-System-Distributed/commits?author=isuru9625&page=1 HTTP/1.1" 401 80
DEBUG:urllib3.connectionpool:Starting new HTTPS connection (1): api.github.com:443
DEBUG:urllib3.connectionpool:https://api.github.com:443 "GET /repos/isuru9625/Distributed-Overlay-System-Distributed/commits?author=isuru9625&page=1 HTTP/1.1" 401 80
INFO:werkzeug:127.0.0.1 - - [06/Dec/2023 23:13:01] "[35m[1mGET /get_statistics?github_username=isuru9625&repository_owner=isuru9625&repository_name=Distributed-Overlay-System-Distributed&access_token=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 HTTP/1.1[0m" 500 -
DEBUG:urllib3.connectionpool:Starting new HTTPS connection (1): api.github.com:443
DEBUG:urllib3.connectionpool:https://api.github.com:443 "GET /repos/isuru9625/Distributed-Overlay-System-Distributed/commits?since=2023-11-22T17%3A43%3A38Z&author=isuru9625 HTTP/1.1" 401 80
DEBUG:urllib3.connectionpool:Starting new HTTPS connection (1): api.github.com:443
DEBUG:urllib3.connectionpool:https://api.github.com:443 "GET /repos/isuru9625/Distributed-Overlay-System-Distributed/commits?author=isuru9625&page=1 HTTP/1.1" 401 80
DEBUG:urllib3.connectionpool:Starting new HTTPS connection (1): api.github.com:443
DEBUG:urllib3.connectionpool:https://api.github.com:443 "GET /repos/isuru9625/Distributed-Overlay-System-Distributed/commits?author=isuru9625&page=1 HTTP/1.1" 401 80
INFO:werkzeug:127.0.0.1 - - [06/Dec/2023 23:13:41] "[35m[1mGET /get_statistics?github_username=isuru9625&repository_owner=isuru9625&repository_name=Distributed-Overlay-System-Distributed&access_token=dckr_pat_MEpa7IJOlrw8EAk9YkDTmz4fbF8 HTTP/1.1[0m" 500 -
DEBUG:urllib3.connectionpool:Starting new HTTPS connection (1): api.github.com:443
DEBUG:urllib3.connectionpool:https://api.github.com:443 "GET /repos/isuru9625/Distributed-Overlay-System-Distributed/commits?since=2023-11-22T17%3A44%3A55Z&author=lakshanmamalgaha HTTP/1.1" 401 80
DEBUG:urllib3.connectionpool:Starting new HTTPS connection (1): api.github.com:443
DEBUG:urllib3.connectionpool:https://api.github.com:443 "GET /repos/isuru9625/Distributed-Overlay-System-Distributed/commits?author=lakshanmamalgaha&page=1 HTTP/1.1" 401 80
DEBUG:urllib3.connectionpool:Starting new HTTPS connection (1): api.github.com:443
DEBUG:urllib3.connectionpool:https://api.github.com:443 "GET /repos/isuru9625/Distributed-Overlay-System-Distributed/commits?author=lakshanmamalgaha&page=1 HTTP/1.1" 401 80
INFO:werkzeug:127.0.0.1 - - [06/Dec/2023 23:14:57] "[35m[1mGET /get_statistics?github_username=lakshanmamalgaha&repository_owner=isuru9625&repository_name=Distributed-Overlay-System-Distributed&access_token=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 HTTP/1.1[0m" 500 -
DEBUG:urllib3.connectionpool:Starting new HTTPS connection (1): api.github.com:443
DEBUG:urllib3.connectionpool:https://api.github.com:443 "GET /repos/isuru9625/Distributed-Overlay-System-Distributed/commits?since=2023-11-22T17%3A46%3A15Z&author=lakshanmamalgaha HTTP/1.1" 401 80
DEBUG:urllib3.connectionpool:Starting new HTTPS connection (1): api.github.com:443
DEBUG:urllib3.connectionpool:https://api.github.com:443 "GET /repos/isuru9625/Distributed-Overlay-System-Distributed/commits?author=lakshanmamalgaha&page=1 HTTP/1.1" 401 80
DEBUG:urllib3.connectionpool:Starting new HTTPS connection (1): api.github.com:443
DEBUG:urllib3.connectionpool:https://api.github.com:443 "GET /repos/isuru9625/Distributed-Overlay-System-Distributed/commits?author=lakshanmamalgaha&page=1 HTTP/1.1" 401 80
INFO:werkzeug:127.0.0.1 - - [06/Dec/2023 23:16:18] "[35m[1mGET /get_statistics?github_username=lakshanmamalgaha&repository_owner=isuru9625&repository_name=Distributed-Overlay-System-Distributed&access_token=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 HTTP/1.1[0m" 500 -
DEBUG:urllib3.connectionpool:Starting new HTTPS connection (1): api.github.com:443
DEBUG:urllib3.connectionpool:https://api.github.com:443 "GET /repos/isuru9625/Distributed-Overlay-System-Distributed/commits?since=2023-11-22T17%3A47%3A04Z&author=lakshanmamalgaha HTTP/1.1" 401 80
DEBUG:urllib3.connectionpool:Starting new HTTPS connection (1): api.github.com:443
DEBUG:urllib3.connectionpool:https://api.github.com:443 "GET /repos/isuru9625/Distributed-Overlay-System-Distributed/commits?author=lakshanmamalgaha&page=1 HTTP/1.1" 401 80
DEBUG:urllib3.connectionpool:Starting new HTTPS connection (1): api.github.com:443
DEBUG:urllib3.connectionpool:https://api.github.com:443 "GET /repos/isuru9625/Distributed-Overlay-System-Distributed/commits?author=lakshanmamalgaha&page=1 HTTP/1.1" 401 80
INFO:werkzeug:127.0.0.1 - - [06/Dec/2023 23:17:07] "[35m[1mGET /get_statistics?github_username=lakshanmamalgaha&repository_owner=isuru9625&repository_name=Distributed-Overlay-System-Distributed&access_token=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 HTTP/1.1[0m" 500 -
INFO:werkzeug: * Restarting with stat
WARNING:werkzeug: * Debugger is active!
INFO:werkzeug: * Debugger PIN: 125-430-696
WARNING:werkzeug: * Running on all addresses.
   WARNING: This is a development server. Do not use it in a production deployment.
INFO:werkzeug: * Running on http://192.168.8.113:3000/ (Press CTRL+C to quit)
DEBUG:urllib3.connectionpool:Starting new HTTPS connection (1): api.github.com:443
DEBUG:urllib3.connectionpool:https://api.github.com:443 "GET /repos/isuru9625/Distributed-Overlay-System-Distributed/commits?since=2023-11-22T17%3A54%3A56Z&author=lakshanmamalgaha HTTP/1.1" 404 None
DEBUG:urllib3.connectionpool:Starting new HTTPS connection (1): api.github.com:443
DEBUG:urllib3.connectionpool:https://api.github.com:443 "GET /repos/isuru9625/Distributed-Overlay-System-Distributed/commits?author=lakshanmamalgaha&page=1 HTTP/1.1" 404 None
DEBUG:urllib3.connectionpool:Starting new HTTPS connection (1): api.github.com:443
DEBUG:urllib3.connectionpool:https://api.github.com:443 "GET /repos/isuru9625/Distributed-Overlay-System-Distributed/commits?author=lakshanmamalgaha&page=1 HTTP/1.1" 404 None
INFO:werkzeug:127.0.0.1 - - [06/Dec/2023 23:24:59] "[35m[1mGET /get_statistics?github_username=lakshanmamalgaha&repository_owner=isuru9625&repository_name=Distributed-Overlay-System-Distributed&access_token=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 HTTP/1.1[0m" 500 -
INFO:werkzeug: * Restarting with stat
WARNING:werkzeug: * Debugger is active!
INFO:werkzeug: * Debugger PIN: 125-430-696
WARNING:werkzeug: * Running on all addresses.
   WARNING: This is a development server. Do not use it in a production deployment.
INFO:werkzeug: * Running on http://192.168.8.113:3000/ (Press CTRL+C to quit)
DEBUG:urllib3.connectionpool:Starting new HTTPS connection (1): api.github.com:443
DEBUG:urllib3.connectionpool:https://api.github.com:443 "GET /repos/isuru9625/Distributed-Overlay-System-Distributed/commits?since=2023-11-22T21%3A30%3A32Z&author=lakshanmamalgaha HTTP/1.1" 404 None
DEBUG:urllib3.connectionpool:Starting new HTTPS connection (1): api.github.com:443
DEBUG:urllib3.connectionpool:https://api.github.com:443 "GET /repos/isuru9625/Distributed-Overlay-System-Distributed/commits?author=lakshanmamalgaha&page=1 HTTP/1.1" 404 None
DEBUG:urllib3.connectionpool:Starting new HTTPS connection (1): api.github.com:443
DEBUG:urllib3.connectionpool:https://api.github.com:443 "GET /repos/isuru9625/Distributed-Overlay-System-Distributed/commits?author=lakshanmamalgaha&page=1 HTTP/1.1" 404 None
INFO:werkzeug:127.0.0.1 - - [07/Dec/2023 03:00:34] "[35m[1mGET /get_statistics?github_username=lakshanmamalgaha&repository_owner=isuru9625&repository_name=Distributed-Overlay-System-Distributed&access_token=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 HTTP/1.1[0m" 500 -
DEBUG:urllib3.connectionpool:Starting new HTTPS connection (1): api.github.com:443
DEBUG:urllib3.connectionpool:https://api.github.com:443 "GET /repos/isuru9625/Distributed-Overlay-System-Distributed/commits?since=2023-11-22T21%3A30%3A44Z&author=lakshanmamalgaha HTTP/1.1" 404 None
DEBUG:urllib3.connectionpool:Starting new HTTPS connection (1): api.github.com:443
DEBUG:urllib3.connectionpool:https://api.github.com:443 "GET /repos/isuru9625/Distributed-Overlay-System-Distributed/commits?author=lakshanmamalgaha&page=1 HTTP/1.1" 404 None
DEBUG:urllib3.connectionpool:Starting new HTTPS connection (1): api.github.com:443
DEBUG:urllib3.connectionpool:https://api.github.com:443 "GET /repos/isuru9625/Distributed-Overlay-System-Distributed/commits?author=lakshanmamalgaha&page=1 HTTP/1.1" 404 None
INFO:werkzeug:127.0.0.1 - - [07/Dec/2023 03:00:46] "[35m[1mGET /get_statistics?github_username=lakshanmamalgaha&repository_owner=isuru9625&repository_name=Distributed-Overlay-System-Distributed&access_token=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 HTTP/1.1[0m" 500 -
DEBUG:urllib3.connectionpool:Starting new HTTPS connection (1): api.github.com:443
DEBUG:urllib3.connectionpool:https://api.github.com:443 "GET /repos/isuru9625/FYP/commits?since=2023-11-22T21%3A31%3A05Z&author=lakshanmamalgaha HTTP/1.1" 200 2
DEBUG:urllib3.connectionpool:Starting new HTTPS connection (1): api.github.com:443
DEBUG:urllib3.connectionpool:https://api.github.com:443 "GET /repos/isuru9625/FYP/commits?author=lakshanmamalgaha&page=1 HTTP/1.1" 200 2
DEBUG:urllib3.connectionpool:Starting new HTTPS connection (1): api.github.com:443
DEBUG:urllib3.connectionpool:https://api.github.com:443 "GET /repos/isuru9625/FYP/commits?author=lakshanmamalgaha&page=1 HTTP/1.1" 200 2
INFO:root:Metrics inserted successfully! ***
INFO:werkzeug:127.0.0.1 - - [07/Dec/2023 03:01:08] "GET /get_statistics?github_username=lakshanmamalgaha&repository_owner=isuru9625&repository_name=FYP&access_token=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 HTTP/1.1" 200 -
DEBUG:urllib3.connectionpool:Starting new HTTPS connection (1): api.github.com:443
DEBUG:urllib3.connectionpool:https://api.github.com:443 "GET /repos/isuru9625/FYP/commits?since=2023-11-22T21%3A31%3A21Z&author=isuru9625 HTTP/1.1" 200 2
DEBUG:urllib3.connectionpool:Starting new HTTPS connection (1): api.github.com:443
DEBUG:urllib3.connectionpool:https://api.github.com:443 "GET /repos/isuru9625/FYP/commits?author=isuru9625&page=1 HTTP/1.1" 200 None
DEBUG:urllib3.connectionpool:Starting new HTTPS connection (1): api.github.com:443
DEBUG:urllib3.connectionpool:https://api.github.com:443 "GET /repos/isuru9625/FYP/commits?author=isuru9625&page=2 HTTP/1.1" 200 None
DEBUG:urllib3.connectionpool:Starting new HTTPS connection (1): api.github.com:443
DEBUG:urllib3.connectionpool:https://api.github.com:443 "GET /repos/isuru9625/FYP/commits?author=isuru9625&page=3 HTTP/1.1" 200 None
DEBUG:urllib3.connectionpool:Starting new HTTPS connection (1): api.github.com:443
DEBUG:urllib3.connectionpool:https://api.github.com:443 "GET /repos/isuru9625/FYP/commits?author=isuru9625&page=1 HTTP/1.1" 200 None
DEBUG:urllib3.connectionpool:Starting new HTTPS connection (1): api.github.com:443
DEBUG:urllib3.connectionpool:https://api.github.com:443 "GET /repos/isuru9625/FYP/commits/7e4f918412e596a369b14c070d245aed5fccae7b HTTP/1.1" 200 None
DEBUG:urllib3.connectionpool:Starting new HTTPS connection (1): api.github.com:443
DEBUG:urllib3.connectionpool:https://api.github.com:443 "GET /repos/isuru9625/FYP/commits/b253248a5f1be362338e811221af1ec27608dbfa HTTP/1.1" 200 None
DEBUG:urllib3.connectionpool:Starting new HTTPS connection (1): api.github.com:443
DEBUG:urllib3.connectionpool:https://api.github.com:443 "GET /repos/isuru9625/FYP/commits/0736a9590970ab1651f288190a29409c4064f850 HTTP/1.1" 200 None
DEBUG:urllib3.connectionpool:Starting new HTTPS connection (1): api.github.com:443
DEBUG:urllib3.connectionpool:https://api.github.com:443 "GET /repos/isuru9625/FYP/commits/877034a4ea4e0df7afd34a89c2f2cbe89b6b5457 HTTP/1.1" 200 None
DEBUG:urllib3.connectionpool:Starting new HTTPS connection (1): api.github.com:443
DEBUG:urllib3.connectionpool:https://api.github.com:443 "GET /repos/isuru9625/FYP/commits/29a0cf419422b852bbea70b8d384bd5ee6b2b357 HTTP/1.1" 200 None
DEBUG:urllib3.connectionpool:Starting new HTTPS connection (1): api.github.com:443
DEBUG:urllib3.connectionpool:https://api.github.com:443 "GET /repos/isuru9625/FYP/commits/db93b997506b35e472aa750a434af1f1c60aa153 HTTP/1.1" 200 None
DEBUG:urllib3.connectionpool:Starting new HTTPS connection (1): api.github.com:443
DEBUG:urllib3.connectionpool:https://api.github.com:443 "GET /repos/isuru9625/FYP/commits/b2ec30db3a99f631aa2a9b9c9b652641acaa2b28 HTTP/1.1" 200 None
DEBUG:urllib3.connectionpool:Starting new HTTPS connection (1): api.github.com:443
DEBUG:urllib3.connectionpool:https://api.github.com:443 "GET /repos/isuru9625/FYP/commits/1705f63b5b5ebf91cace99ddf4f15c1fd57db522 HTTP/1.1" 200 None
DEBUG:urllib3.connectionpool:Starting new HTTPS connection (1): api.github.com:443
DEBUG:urllib3.connectionpool:https://api.github.com:443 "GET /repos/isuru9625/FYP/commits/b9b464308523f854ae310f0a80a51462fdfd9559 HTTP/1.1" 200 None
DEBUG:urllib3.connectionpool:Starting new HTTPS connection (1): api.github.com:443
DEBUG:urllib3.connectionpool:https://api.github.com:443 "GET /repos/isuru9625/FYP/commits/d8056e7afa090aff3dffc7a56f38be5d86a5f8a9 HTTP/1.1" 200 None
DEBUG:urllib3.connectionpool:Starting new HTTPS connection (1): api.github.com:443
DEBUG:urllib3.connectionpool:https://api.github.com:443 "GET /repos/isuru9625/FYP/commits/04a2ce8c2919597ff00ea0a18c7ef11dd2329f7c HTTP/1.1" 200 None
DEBUG:urllib3.connectionpool:Starting new HTTPS connection (1): api.github.com:443
DEBUG:urllib3.connectionpool:https://api.github.com:443 "GET /repos/isuru9625/FYP/commits/e1fdf036cc4ff50374ab0d82180235ca85ee6444 HTTP/1.1" 200 None
DEBUG:urllib3.connectionpool:Starting new HTTPS connection (1): api.github.com:443
DEBUG:urllib3.connectionpool:https://api.github.com:443 "GET /repos/isuru9625/FYP/commits/0c40944b8a584ea75b425db1dd4caaed4d627595 HTTP/1.1" 200 None
DEBUG:urllib3.connectionpool:Starting new HTTPS connection (1): api.github.com:443
DEBUG:urllib3.connectionpool:https://api.github.com:443 "GET /repos/isuru9625/FYP/commits/3798ffb87c0437ab08b70ae7486d718043410275 HTTP/1.1" 200 None
DEBUG:urllib3.connectionpool:Starting new HTTPS connection (1): api.github.com:443
DEBUG:urllib3.connectionpool:https://api.github.com:443 "GET /repos/isuru9625/FYP/commits/3c5b52ba2197864ee0dce6138bb06357f265d553 HTTP/1.1" 200 None
DEBUG:urllib3.connectionpool:Starting new HTTPS connection (1): api.github.com:443
DEBUG:urllib3.connectionpool:https://api.github.com:443 "GET /repos/isuru9625/FYP/commits/c9091571769e35cf1ddf36e3680ead0cedce5423 HTTP/1.1" 200 None
DEBUG:urllib3.connectionpool:Starting new HTTPS connection (1): api.github.com:443
DEBUG:urllib3.connectionpool:https://api.github.com:443 "GET /repos/isuru9625/FYP/commits/c90b1b68477aba1ebca68d220b6e234f51a86774 HTTP/1.1" 200 None
DEBUG:urllib3.connectionpool:Starting new HTTPS connection (1): api.github.com:443
DEBUG:urllib3.connectionpool:https://api.github.com:443 "GET /repos/isuru9625/FYP/commits/24ce54b100f40c7f35ff22716b20abfb193fe408 HTTP/1.1" 200 None
DEBUG:urllib3.connectionpool:Starting new HTTPS connection (1): api.github.com:443
DEBUG:urllib3.connectionpool:https://api.github.com:443 "GET /repos/isuru9625/FYP/commits/0fc7306b93c675db4579f93c35cd996ee021373a HTTP/1.1" 200 None
DEBUG:urllib3.connectionpool:Starting new HTTPS connection (1): api.github.com:443
DEBUG:urllib3.connectionpool:https://api.github.com:443 "GET /repos/isuru9625/FYP/commits/85f45f034d331aa6bea2ff62998b80ecfce84770 HTTP/1.1" 200 None
DEBUG:urllib3.connectionpool:Starting new HTTPS connection (1): api.github.com:443
DEBUG:urllib3.connectionpool:https://api.github.com:443 "GET /repos/isuru9625/FYP/commits/8dad00479c996c2f483fc87a490f3036bce3c6f4 HTTP/1.1" 200 None
DEBUG:urllib3.connectionpool:Starting new HTTPS connection (1): api.github.com:443
DEBUG:urllib3.connectionpool:https://api.github.com:443 "GET /repos/isuru9625/FYP/commits/41159756857d59b4627cd7483470cfbeae98407e HTTP/1.1" 200 None
DEBUG:urllib3.connectionpool:Starting new HTTPS connection (1): api.github.com:443
DEBUG:urllib3.connectionpool:https://api.github.com:443 "GET /repos/isuru9625/FYP/commits/d66ae1628179559224211cdc6d3023babb674308 HTTP/1.1" 200 None
DEBUG:urllib3.connectionpool:Starting new HTTPS connection (1): api.github.com:443
DEBUG:urllib3.connectionpool:https://api.github.com:443 "GET /repos/isuru9625/FYP/commits/2760472d12fdc94cf9a8aa7b28e834db9ed8ac23 HTTP/1.1" 200 None
DEBUG:urllib3.connectionpool:Starting new HTTPS connection (1): api.github.com:443
DEBUG:urllib3.connectionpool:https://api.github.com:443 "GET /repos/isuru9625/FYP/commits/255beae2f7414163e871dfa83aa72cf7706e9622 HTTP/1.1" 200 None
DEBUG:urllib3.connectionpool:Starting new HTTPS connection (1): api.github.com:443
DEBUG:urllib3.connectionpool:https://api.github.com:443 "GET /repos/isuru9625/FYP/commits/6b2d3647b4bac28ed36f8cf35f0239f1e9b0f0d0 HTTP/1.1" 200 None
DEBUG:urllib3.connectionpool:Starting new HTTPS connection (1): api.github.com:443
DEBUG:urllib3.connectionpool:https://api.github.com:443 "GET /repos/isuru9625/FYP/commits/ecf04af06187c1e4a7516d14c37adefd411a08b0 HTTP/1.1" 200 None
DEBUG:urllib3.connectionpool:Starting new HTTPS connection (1): api.github.com:443
DEBUG:urllib3.connectionpool:https://api.github.com:443 "GET /repos/isuru9625/FYP/commits/ca3dc7d6575903d831f30f2f45d885c3d9ef326d HTTP/1.1" 200 None
DEBUG:urllib3.connectionpool:Starting new HTTPS connection (1): api.github.com:443
DEBUG:urllib3.connectionpool:https://api.github.com:443 "GET /repos/isuru9625/FYP/commits/48810c08caf8fff9a6d5c1b59583ff899d1b1c67 HTTP/1.1" 200 None
DEBUG:urllib3.connectionpool:Starting new HTTPS connection (1): api.github.com:443
DEBUG:urllib3.connectionpool:https://api.github.com:443 "GET /repos/isuru9625/FYP/commits/66f47c16dfb6bca9eb24f2158838f523981c7bb3 HTTP/1.1" 200 None
DEBUG:urllib3.connectionpool:Starting new HTTPS connection (1): api.github.com:443
DEBUG:urllib3.connectionpool:https://api.github.com:443 "GET /repos/isuru9625/FYP/commits?author=isuru9625&page=2 HTTP/1.1" 200 None
DEBUG:urllib3.connectionpool:Starting new HTTPS connection (1): api.github.com:443
DEBUG:urllib3.connectionpool:https://api.github.com:443 "GET /repos/isuru9625/FYP/commits/d5592dba2cce5db7c42f277a3ee1b6f260cb6e3e HTTP/1.1" 200 None
DEBUG:urllib3.connectionpool:Starting new HTTPS connection (1): api.github.com:443
DEBUG:urllib3.connectionpool:https://api.github.com:443 "GET /repos/isuru9625/FYP/commits/2fb216b89cf45d32beecf1093558f73a397af1a6 HTTP/1.1" 200 None
DEBUG:urllib3.connectionpool:Starting new HTTPS connection (1): api.github.com:443
DEBUG:urllib3.connectionpool:https://api.github.com:443 "GET /repos/isuru9625/FYP/commits/bf82969b414bf00129f426918e085f875beab86e HTTP/1.1" 200 None
DEBUG:urllib3.connectionpool:Starting new HTTPS connection (1): api.github.com:443
DEBUG:urllib3.connectionpool:https://api.github.com:443 "GET /repos/isuru9625/FYP/commits/d33afb6aa041a4fa5d0e31a33f2559e90bcacc70 HTTP/1.1" 200 None
DEBUG:urllib3.connectionpool:Starting new HTTPS connection (1): api.github.com:443
DEBUG:urllib3.connectionpool:https://api.github.com:443 "GET /repos/isuru9625/FYP/commits/4823d75d710903292067d78a40e7b266b21b8d5d HTTP/1.1" 200 None
DEBUG:urllib3.connectionpool:Starting new HTTPS connection (1): api.github.com:443
DEBUG:urllib3.connectionpool:https://api.github.com:443 "GET /repos/isuru9625/FYP/commits/308e2bd41a31fa8a746d97fffb0d15007582ebbf HTTP/1.1" 200 None
DEBUG:urllib3.connectionpool:Starting new HTTPS connection (1): api.github.com:443
DEBUG:urllib3.connectionpool:https://api.github.com:443 "GET /repos/isuru9625/FYP/commits/d7b1137faf2f5b794a70ee9bd7d88e8104ff061c HTTP/1.1" 200 None
DEBUG:urllib3.connectionpool:Starting new HTTPS connection (1): api.github.com:443
DEBUG:urllib3.connectionpool:https://api.github.com:443 "GET /repos/isuru9625/FYP/commits/444d980f26a76dadf2e70353c719637bca8951ff HTTP/1.1" 200 None
DEBUG:urllib3.connectionpool:Starting new HTTPS connection (1): api.github.com:443
DEBUG:urllib3.connectionpool:https://api.github.com:443 "GET /repos/isuru9625/FYP/commits/2c95b6e633b2e5e60ad64f6c4bcbe685abe3a28f HTTP/1.1" 200 None
DEBUG:urllib3.connectionpool:Starting new HTTPS connection (1): api.github.com:443
DEBUG:urllib3.connectionpool:https://api.github.com:443 "GET /repos/isuru9625/FYP/commits/8204b04759a15dc27b917f8029120fb57e9c809d HTTP/1.1" 200 None
DEBUG:urllib3.connectionpool:Starting new HTTPS connection (1): api.github.com:443
DEBUG:urllib3.connectionpool:https://api.github.com:443 "GET /repos/isuru9625/FYP/commits/db02ae5e78760455fcd92dd8e924f811fffd8562 HTTP/1.1" 200 None
DEBUG:urllib3.connectionpool:Starting new HTTPS connection (1): api.github.com:443
DEBUG:urllib3.connectionpool:https://api.github.com:443 "GET /repos/isuru9625/FYP/commits/7517f526ae4a29461fa6b4f8a8a163fb90e41ebc HTTP/1.1" 200 None
DEBUG:urllib3.connectionpool:Starting new HTTPS connection (1): api.github.com:443
DEBUG:urllib3.connectionpool:https://api.github.com:443 "GET /repos/isuru9625/FYP/commits/46b837b58640363d3dee988d3825fc5b4562e627 HTTP/1.1" 200 None
DEBUG:urllib3.connectionpool:Starting new HTTPS connection (1): api.github.com:443
DEBUG:urllib3.connectionpool:https://api.github.com:443 "GET /repos/isuru9625/FYP/commits/3afe697a2c039aa05c4bcd2bab0e4959032f3272 HTTP/1.1" 200 None
DEBUG:urllib3.connectionpool:Starting new HTTPS connection (1): api.github.com:443
DEBUG:urllib3.connectionpool:https://api.github.com:443 "GET /repos/isuru9625/FYP/commits/75deb11987b207348d1cafdeb7cc45a863b518ec HTTP/1.1" 200 None
DEBUG:urllib3.connectionpool:Starting new HTTPS connection (1): api.github.com:443
DEBUG:urllib3.connectionpool:https://api.github.com:443 "GET /repos/isuru9625/FYP/commits/20602d7fd43013d7a1e6faa36323cc039f70ca23 HTTP/1.1" 200 None
DEBUG:urllib3.connectionpool:Starting new HTTPS connection (1): api.github.com:443
DEBUG:urllib3.connectionpool:https://api.github.com:443 "GET /repos/isuru9625/FYP/commits/cd63975e3e1e7fd7e1947db15f03dd1487213e1f HTTP/1.1" 200 None
DEBUG:urllib3.connectionpool:Starting new HTTPS connection (1): api.github.com:443
DEBUG:urllib3.connectionpool:https://api.github.com:443 "GET /repos/isuru9625/FYP/commits/9351803b54119a29c883cc7fcf6f9ff4b68c0062 HTTP/1.1" 200 None
DEBUG:urllib3.connectionpool:Starting new HTTPS connection (1): api.github.com:443
DEBUG:urllib3.connectionpool:https://api.github.com:443 "GET /repos/isuru9625/FYP/commits/50435653a0d6ab8c615b470f96e45c30538b5cc8 HTTP/1.1" 200 None
DEBUG:urllib3.connectionpool:Starting new HTTPS connection (1): api.github.com:443
DEBUG:urllib3.connectionpool:https://api.github.com:443 "GET /repos/isuru9625/FYP/commits/c80df786046919b79d24f9fa02b87386ea83e13a HTTP/1.1" 200 None
DEBUG:urllib3.connectionpool:Starting new HTTPS connection (1): api.github.com:443
DEBUG:urllib3.connectionpool:https://api.github.com:443 "GET /repos/isuru9625/FYP/commits/53a5a3992269b8f45742787ef51526ba08c017a2 HTTP/1.1" 200 None
DEBUG:urllib3.connectionpool:Starting new HTTPS connection (1): api.github.com:443
DEBUG:urllib3.connectionpool:https://api.github.com:443 "GET /repos/isuru9625/FYP/commits/cc7d78c9a0f878d980f923a9164b80e13bd8685e HTTP/1.1" 200 None
DEBUG:urllib3.connectionpool:Starting new HTTPS connection (1): api.github.com:443
DEBUG:urllib3.connectionpool:https://api.github.com:443 "GET /repos/isuru9625/FYP/commits/b7a3d860b2babde6fc670f703724848cd376b44b HTTP/1.1" 200 None
DEBUG:urllib3.connectionpool:Starting new HTTPS connection (1): api.github.com:443
DEBUG:urllib3.connectionpool:https://api.github.com:443 "GET /repos/isuru9625/FYP/commits/c6bcb6aaef62995f84678814bc23f49c974bfead HTTP/1.1" 200 None
DEBUG:urllib3.connectionpool:Starting new HTTPS connection (1): api.github.com:443
DEBUG:urllib3.connectionpool:https://api.github.com:443 "GET /repos/isuru9625/FYP/commits/6190a9eeb27dfbc1c0cc305396741ebaa255549d HTTP/1.1" 200 None
DEBUG:urllib3.connectionpool:Starting new HTTPS connection (1): api.github.com:443
DEBUG:urllib3.connectionpool:https://api.github.com:443 "GET /repos/isuru9625/FYP/commits/6ec13454d916478c382d85041591d00a18c3996c HTTP/1.1" 200 None
DEBUG:urllib3.connectionpool:Starting new HTTPS connection (1): api.github.com:443
DEBUG:urllib3.connectionpool:https://api.github.com:443 "GET /repos/isuru9625/FYP/commits/7047b4755ad6d5569bcd6fec758c1ac44b04c7d8 HTTP/1.1" 200 None
DEBUG:urllib3.connectionpool:Starting new HTTPS connection (1): api.github.com:443
DEBUG:urllib3.connectionpool:https://api.github.com:443 "GET /repos/isuru9625/FYP/commits/18651c534155ec72fa6547b69190f976fb8c5c7d HTTP/1.1" 200 None
DEBUG:urllib3.connectionpool:Starting new HTTPS connection (1): api.github.com:443
DEBUG:urllib3.connectionpool:https://api.github.com:443 "GET /repos/isuru9625/FYP/commits/cb5d38062bb87ec05dc4ece8547c0265dfa50d2c HTTP/1.1" 200 None
DEBUG:urllib3.connectionpool:Starting new HTTPS connection (1): api.github.com:443
DEBUG:urllib3.connectionpool:https://api.github.com:443 "GET /repos/isuru9625/FYP/commits/eb1cb4b0460a6bc8e6a8af8d99cd6d115d7b107e HTTP/1.1" 200 None
DEBUG:urllib3.connectionpool:Starting new HTTPS connection (1): api.github.com:443
DEBUG:urllib3.connectionpool:https://api.github.com:443 "GET /repos/isuru9625/FYP/commits?author=isuru9625&page=3 HTTP/1.1" 200 None
DEBUG:urllib3.connectionpool:Starting new HTTPS connection (1): api.github.com:443
DEBUG:urllib3.connectionpool:https://api.github.com:443 "GET /repos/isuru9625/FYP/commits/c38707ea8f94dc984fd6d68346024747e81af002 HTTP/1.1" 200 None
DEBUG:urllib3.connectionpool:Starting new HTTPS connection (1): api.github.com:443
DEBUG:urllib3.connectionpool:https://api.github.com:443 "GET /repos/isuru9625/FYP/commits/012b9cb841a5e662aa004fa8e75571474815e6ca HTTP/1.1" 200 None
DEBUG:urllib3.connectionpool:Starting new HTTPS connection (1): api.github.com:443
DEBUG:urllib3.connectionpool:https://api.github.com:443 "GET /repos/isuru9625/FYP/commits/ceb00bd3722f75379149408ee4af0e39a781648d HTTP/1.1" 200 None
DEBUG:urllib3.connectionpool:Starting new HTTPS connection (1): api.github.com:443
DEBUG:urllib3.connectionpool:https://api.github.com:443 "GET /repos/isuru9625/FYP/commits/2d3920f166a692e8f2a5a2ccee091afb3a175e56 HTTP/1.1" 200 None
DEBUG:urllib3.connectionpool:Starting new HTTPS connection (1): api.github.com:443
DEBUG:urllib3.connectionpool:https://api.github.com:443 "GET /repos/isuru9625/FYP/commits/c913d370f03d2fa147c66305b7536f287bea1314 HTTP/1.1" 200 None
DEBUG:urllib3.connectionpool:Starting new HTTPS connection (1): api.github.com:443
DEBUG:urllib3.connectionpool:https://api.github.com:443 "GET /repos/isuru9625/FYP/commits/dd9c391de9b0b0b9836dc33e4b6a6ca1bf0c0b60 HTTP/1.1" 200 None
DEBUG:urllib3.connectionpool:Starting new HTTPS connection (1): api.github.com:443
DEBUG:urllib3.connectionpool:https://api.github.com:443 "GET /repos/isuru9625/FYP/commits/1b15e27a37b625d713cc52d4c51e72bff8eb8534 HTTP/1.1" 200 None
DEBUG:urllib3.connectionpool:Starting new HTTPS connection (1): api.github.com:443
DEBUG:urllib3.connectionpool:https://api.github.com:443 "GET /repos/isuru9625/FYP/commits/884c1354affc13764ea752734d2073dec001bdbb HTTP/1.1" 200 None
DEBUG:urllib3.connectionpool:Starting new HTTPS connection (1): api.github.com:443
DEBUG:urllib3.connectionpool:https://api.github.com:443 "GET /repos/isuru9625/FYP/commits/d2a5b3a3ed4b142160a302ca0fa52366377a6150 HTTP/1.1" 200 None
DEBUG:urllib3.connectionpool:Starting new HTTPS connection (1): api.github.com:443
DEBUG:urllib3.connectionpool:https://api.github.com:443 "GET /repos/isuru9625/FYP/commits/00314dd6dd2312e34984ed4759ed271bc98ae6b5 HTTP/1.1" 200 None
INFO:root:Metrics inserted successfully! ***
INFO:werkzeug:127.0.0.1 - - [07/Dec/2023 03:02:35] "GET /get_statistics?github_username=isuru9625&repository_owner=isuru9625&repository_name=FYP&access_token=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 HTTP/1.1" 200 -
DEBUG:urllib3.connectionpool:Starting new HTTPS connection (1): api.github.com:443
DEBUG:urllib3.connectionpool:https://api.github.com:443 "GET /repos/isuru9625/Distributed-Overlay-System-Distributed/commits?since=2023-11-22T21%3A32%3A39Z&author=lakshanmamalgaha HTTP/1.1" 404 None
DEBUG:urllib3.connectionpool:Starting new HTTPS connection (1): api.github.com:443
DEBUG:urllib3.connectionpool:https://api.github.com:443 "GET /repos/isuru9625/Distributed-Overlay-System-Distributed/commits?author=lakshanmamalgaha&page=1 HTTP/1.1" 404 None
DEBUG:urllib3.connectionpool:Starting new HTTPS connection (1): api.github.com:443
DEBUG:urllib3.connectionpool:https://api.github.com:443 "GET /repos/isuru9625/Distributed-Overlay-System-Distributed/commits?author=lakshanmamalgaha&page=1 HTTP/1.1" 404 None
INFO:werkzeug:127.0.0.1 - - [07/Dec/2023 03:02:42] "[35m[1mGET /get_statistics?github_username=lakshanmamalgaha&repository_owner=isuru9625&repository_name=Distributed-Overlay-System-Distributed&access_token=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 HTTP/1.1[0m" 500 -
DEBUG:urllib3.connectionpool:Starting new HTTPS connection (1): api.github.com:443
DEBUG:urllib3.connectionpool:https://api.github.com:443 "GET /repos/isuru9625/FYP/commits?since=2023-11-22T21%3A33%3A14Z&author=lakshanmamalgaha HTTP/1.1" 200 2
DEBUG:urllib3.connectionpool:Starting new HTTPS connection (1): api.github.com:443
DEBUG:urllib3.connectionpool:https://api.github.com:443 "GET /repos/isuru9625/FYP/commits?author=lakshanmamalgaha&page=1 HTTP/1.1" 200 2
DEBUG:urllib3.connectionpool:Starting new HTTPS connection (1): api.github.com:443
DEBUG:urllib3.connectionpool:https://api.github.com:443 "GET /repos/isuru9625/FYP/commits?author=lakshanmamalgaha&page=1 HTTP/1.1" 200 2
INFO:root:Metrics inserted successfully! ***
INFO:werkzeug:127.0.0.1 - - [07/Dec/2023 03:03:16] "GET /get_statistics?github_username=lakshanmamalgaha&repository_owner=isuru9625&repository_name=FYP&access_token=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 HTTP/1.1" 200 -
DEBUG:urllib3.connectionpool:Starting new HTTPS connection (1): api.github.com:443
DEBUG:urllib3.connectionpool:https://api.github.com:443 "GET /repos/isuru9625/FYP/commits?since=2023-11-22T21%3A33%3A29Z&author=isuru9625 HTTP/1.1" 200 2
DEBUG:urllib3.connectionpool:Starting new HTTPS connection (1): api.github.com:443
DEBUG:urllib3.connectionpool:https://api.github.com:443 "GET /repos/isuru9625/FYP/commits?author=isuru9625&page=1 HTTP/1.1" 200 None
DEBUG:urllib3.connectionpool:Starting new HTTPS connection (1): api.github.com:443
DEBUG:urllib3.connectionpool:https://api.github.com:443 "GET /repos/isuru9625/FYP/commits?author=isuru9625&page=2 HTTP/1.1" 200 None
DEBUG:urllib3.connectionpool:Starting new HTTPS connection (1): api.github.com:443
DEBUG:urllib3.connectionpool:https://api.github.com:443 "GET /repos/isuru9625/FYP/commits?author=isuru9625&page=3 HTTP/1.1" 200 None
DEBUG:urllib3.connectionpool:Starting new HTTPS connection (1): api.github.com:443
DEBUG:urllib3.connectionpool:https://api.github.com:443 "GET /repos/isuru9625/FYP/commits?author=isuru9625&page=1 HTTP/1.1" 200 None
DEBUG:urllib3.connectionpool:Starting new HTTPS connection (1): api.github.com:443
DEBUG:urllib3.connectionpool:https://api.github.com:443 "GET /repos/isuru9625/FYP/commits/7e4f918412e596a369b14c070d245aed5fccae7b HTTP/1.1" 200 None
DEBUG:urllib3.connectionpool:Starting new HTTPS connection (1): api.github.com:443
DEBUG:urllib3.connectionpool:https://api.github.com:443 "GET /repos/isuru9625/FYP/commits/b253248a5f1be362338e811221af1ec27608dbfa HTTP/1.1" 200 None
DEBUG:urllib3.connectionpool:Starting new HTTPS connection (1): api.github.com:443
DEBUG:urllib3.connectionpool:https://api.github.com:443 "GET /repos/isuru9625/FYP/commits/0736a9590970ab1651f288190a29409c4064f850 HTTP/1.1" 200 None
DEBUG:urllib3.connectionpool:Starting new HTTPS connection (1): api.github.com:443
DEBUG:urllib3.connectionpool:https://api.github.com:443 "GET /repos/isuru9625/FYP/commits/877034a4ea4e0df7afd34a89c2f2cbe89b6b5457 HTTP/1.1" 200 None
DEBUG:urllib3.connectionpool:Starting new HTTPS connection (1): api.github.com:443
DEBUG:urllib3.connectionpool:https://api.github.com:443 "GET /repos/isuru9625/FYP/commits/29a0cf419422b852bbea70b8d384bd5ee6b2b357 HTTP/1.1" 200 None
DEBUG:urllib3.connectionpool:Starting new HTTPS connection (1): api.github.com:443
DEBUG:urllib3.connectionpool:https://api.github.com:443 "GET /repos/isuru9625/FYP/commits/db93b997506b35e472aa750a434af1f1c60aa153 HTTP/1.1" 200 None
DEBUG:urllib3.connectionpool:Starting new HTTPS connection (1): api.github.com:443
DEBUG:urllib3.connectionpool:https://api.github.com:443 "GET /repos/isuru9625/FYP/commits/b2ec30db3a99f631aa2a9b9c9b652641acaa2b28 HTTP/1.1" 200 None
DEBUG:urllib3.connectionpool:Starting new HTTPS connection (1): api.github.com:443
DEBUG:urllib3.connectionpool:https://api.github.com:443 "GET /repos/isuru9625/FYP/commits/1705f63b5b5ebf91cace99ddf4f15c1fd57db522 HTTP/1.1" 200 None
DEBUG:urllib3.connectionpool:Starting new HTTPS connection (1): api.github.com:443
DEBUG:urllib3.connectionpool:https://api.github.com:443 "GET /repos/isuru9625/FYP/commits/b9b464308523f854ae310f0a80a51462fdfd9559 HTTP/1.1" 200 None
DEBUG:urllib3.connectionpool:Starting new HTTPS connection (1): api.github.com:443
DEBUG:urllib3.connectionpool:https://api.github.com:443 "GET /repos/isuru9625/FYP/commits/d8056e7afa090aff3dffc7a56f38be5d86a5f8a9 HTTP/1.1" 200 None
DEBUG:urllib3.connectionpool:Starting new HTTPS connection (1): api.github.com:443
DEBUG:urllib3.connectionpool:https://api.github.com:443 "GET /repos/isuru9625/FYP/commits/04a2ce8c2919597ff00ea0a18c7ef11dd2329f7c HTTP/1.1" 200 None
DEBUG:urllib3.connectionpool:Starting new HTTPS connection (1): api.github.com:443
DEBUG:urllib3.connectionpool:https://api.github.com:443 "GET /repos/isuru9625/FYP/commits/e1fdf036cc4ff50374ab0d82180235ca85ee6444 HTTP/1.1" 200 None
DEBUG:urllib3.connectionpool:Starting new HTTPS connection (1): api.github.com:443
DEBUG:urllib3.connectionpool:https://api.github.com:443 "GET /repos/isuru9625/FYP/commits/0c40944b8a584ea75b425db1dd4caaed4d627595 HTTP/1.1" 200 None
DEBUG:urllib3.connectionpool:Starting new HTTPS connection (1): api.github.com:443
DEBUG:urllib3.connectionpool:https://api.github.com:443 "GET /repos/isuru9625/FYP/commits/3798ffb87c0437ab08b70ae7486d718043410275 HTTP/1.1" 200 None
DEBUG:urllib3.connectionpool:Starting new HTTPS connection (1): api.github.com:443
DEBUG:urllib3.connectionpool:https://api.github.com:443 "GET /repos/isuru9625/FYP/commits/3c5b52ba2197864ee0dce6138bb06357f265d553 HTTP/1.1" 200 None
DEBUG:urllib3.connectionpool:Starting new HTTPS connection (1): api.github.com:443
DEBUG:urllib3.connectionpool:https://api.github.com:443 "GET /repos/isuru9625/FYP/commits/c9091571769e35cf1ddf36e3680ead0cedce5423 HTTP/1.1" 200 None
DEBUG:urllib3.connectionpool:Starting new HTTPS connection (1): api.github.com:443
DEBUG:urllib3.connectionpool:https://api.github.com:443 "GET /repos/isuru9625/FYP/commits/c90b1b68477aba1ebca68d220b6e234f51a86774 HTTP/1.1" 200 None
DEBUG:urllib3.connectionpool:Starting new HTTPS connection (1): api.github.com:443
DEBUG:urllib3.connectionpool:https://api.github.com:443 "GET /repos/isuru9625/FYP/commits/24ce54b100f40c7f35ff22716b20abfb193fe408 HTTP/1.1" 200 None
DEBUG:urllib3.connectionpool:Starting new HTTPS connection (1): api.github.com:443
DEBUG:urllib3.connectionpool:https://api.github.com:443 "GET /repos/isuru9625/FYP/commits/0fc7306b93c675db4579f93c35cd996ee021373a HTTP/1.1" 200 None
DEBUG:urllib3.connectionpool:Starting new HTTPS connection (1): api.github.com:443
DEBUG:urllib3.connectionpool:https://api.github.com:443 "GET /repos/isuru9625/FYP/commits/85f45f034d331aa6bea2ff62998b80ecfce84770 HTTP/1.1" 200 None
DEBUG:urllib3.connectionpool:Starting new HTTPS connection (1): api.github.com:443
DEBUG:urllib3.connectionpool:https://api.github.com:443 "GET /repos/isuru9625/FYP/commits/8dad00479c996c2f483fc87a490f3036bce3c6f4 HTTP/1.1" 200 None
DEBUG:urllib3.connectionpool:Starting new HTTPS connection (1): api.github.com:443
DEBUG:urllib3.connectionpool:https://api.github.com:443 "GET /repos/isuru9625/FYP/commits/41159756857d59b4627cd7483470cfbeae98407e HTTP/1.1" 200 None
DEBUG:urllib3.connectionpool:Starting new HTTPS connection (1): api.github.com:443
DEBUG:urllib3.connectionpool:https://api.github.com:443 "GET /repos/isuru9625/FYP/commits/d66ae1628179559224211cdc6d3023babb674308 HTTP/1.1" 200 None
DEBUG:urllib3.connectionpool:Starting new HTTPS connection (1): api.github.com:443
DEBUG:urllib3.connectionpool:https://api.github.com:443 "GET /repos/isuru9625/FYP/commits/2760472d12fdc94cf9a8aa7b28e834db9ed8ac23 HTTP/1.1" 200 None
DEBUG:urllib3.connectionpool:Starting new HTTPS connection (1): api.github.com:443
DEBUG:urllib3.connectionpool:https://api.github.com:443 "GET /repos/isuru9625/FYP/commits/255beae2f7414163e871dfa83aa72cf7706e9622 HTTP/1.1" 200 None
DEBUG:urllib3.connectionpool:Starting new HTTPS connection (1): api.github.com:443
DEBUG:urllib3.connectionpool:https://api.github.com:443 "GET /repos/isuru9625/FYP/commits/6b2d3647b4bac28ed36f8cf35f0239f1e9b0f0d0 HTTP/1.1" 200 None
DEBUG:urllib3.connectionpool:Starting new HTTPS connection (1): api.github.com:443
DEBUG:urllib3.connectionpool:https://api.github.com:443 "GET /repos/isuru9625/FYP/commits/ecf04af06187c1e4a7516d14c37adefd411a08b0 HTTP/1.1" 200 None
DEBUG:urllib3.connectionpool:Starting new HTTPS connection (1): api.github.com:443
DEBUG:urllib3.connectionpool:https://api.github.com:443 "GET /repos/isuru9625/FYP/commits/ca3dc7d6575903d831f30f2f45d885c3d9ef326d HTTP/1.1" 200 None
DEBUG:urllib3.connectionpool:Starting new HTTPS connection (1): api.github.com:443
DEBUG:urllib3.connectionpool:https://api.github.com:443 "GET /repos/isuru9625/FYP/commits/48810c08caf8fff9a6d5c1b59583ff899d1b1c67 HTTP/1.1" 200 None
DEBUG:urllib3.connectionpool:Starting new HTTPS connection (1): api.github.com:443
DEBUG:urllib3.connectionpool:https://api.github.com:443 "GET /repos/isuru9625/FYP/commits/66f47c16dfb6bca9eb24f2158838f523981c7bb3 HTTP/1.1" 200 None
DEBUG:urllib3.connectionpool:Starting new HTTPS connection (1): api.github.com:443
DEBUG:urllib3.connectionpool:https://api.github.com:443 "GET /repos/isuru9625/FYP/commits?author=isuru9625&page=2 HTTP/1.1" 200 None
DEBUG:urllib3.connectionpool:Starting new HTTPS connection (1): api.github.com:443
DEBUG:urllib3.connectionpool:https://api.github.com:443 "GET /repos/isuru9625/FYP/commits/d5592dba2cce5db7c42f277a3ee1b6f260cb6e3e HTTP/1.1" 200 None
DEBUG:urllib3.connectionpool:Starting new HTTPS connection (1): api.github.com:443
DEBUG:urllib3.connectionpool:https://api.github.com:443 "GET /repos/isuru9625/FYP/commits/2fb216b89cf45d32beecf1093558f73a397af1a6 HTTP/1.1" 200 None
DEBUG:urllib3.connectionpool:Starting new HTTPS connection (1): api.github.com:443
DEBUG:urllib3.connectionpool:https://api.github.com:443 "GET /repos/isuru9625/FYP/commits/bf82969b414bf00129f426918e085f875beab86e HTTP/1.1" 200 None
DEBUG:urllib3.connectionpool:Starting new HTTPS connection (1): api.github.com:443
DEBUG:urllib3.connectionpool:https://api.github.com:443 "GET /repos/isuru9625/FYP/commits/d33afb6aa041a4fa5d0e31a33f2559e90bcacc70 HTTP/1.1" 200 None
DEBUG:urllib3.connectionpool:Starting new HTTPS connection (1): api.github.com:443
DEBUG:urllib3.connectionpool:https://api.github.com:443 "GET /repos/isuru9625/FYP/commits/4823d75d710903292067d78a40e7b266b21b8d5d HTTP/1.1" 200 None
DEBUG:urllib3.connectionpool:Starting new HTTPS connection (1): api.github.com:443
DEBUG:urllib3.connectionpool:https://api.github.com:443 "GET /repos/isuru9625/FYP/commits/308e2bd41a31fa8a746d97fffb0d15007582ebbf HTTP/1.1" 200 None
DEBUG:urllib3.connectionpool:Starting new HTTPS connection (1): api.github.com:443
DEBUG:urllib3.connectionpool:https://api.github.com:443 "GET /repos/isuru9625/FYP/commits/d7b1137faf2f5b794a70ee9bd7d88e8104ff061c HTTP/1.1" 200 None
DEBUG:urllib3.connectionpool:Starting new HTTPS connection (1): api.github.com:443
DEBUG:urllib3.connectionpool:https://api.github.com:443 "GET /repos/isuru9625/FYP/commits/444d980f26a76dadf2e70353c719637bca8951ff HTTP/1.1" 200 None
DEBUG:urllib3.connectionpool:Starting new HTTPS connection (1): api.github.com:443
DEBUG:urllib3.connectionpool:https://api.github.com:443 "GET /repos/isuru9625/FYP/commits/2c95b6e633b2e5e60ad64f6c4bcbe685abe3a28f HTTP/1.1" 200 None
DEBUG:urllib3.connectionpool:Starting new HTTPS connection (1): api.github.com:443
DEBUG:urllib3.connectionpool:https://api.github.com:443 "GET /repos/isuru9625/FYP/commits/8204b04759a15dc27b917f8029120fb57e9c809d HTTP/1.1" 200 None
DEBUG:urllib3.connectionpool:Starting new HTTPS connection (1): api.github.com:443
DEBUG:urllib3.connectionpool:https://api.github.com:443 "GET /repos/isuru9625/FYP/commits/db02ae5e78760455fcd92dd8e924f811fffd8562 HTTP/1.1" 200 None
DEBUG:urllib3.connectionpool:Starting new HTTPS connection (1): api.github.com:443
DEBUG:urllib3.connectionpool:https://api.github.com:443 "GET /repos/isuru9625/FYP/commits/7517f526ae4a29461fa6b4f8a8a163fb90e41ebc HTTP/1.1" 200 None
DEBUG:urllib3.connectionpool:Starting new HTTPS connection (1): api.github.com:443
DEBUG:urllib3.connectionpool:https://api.github.com:443 "GET /repos/isuru9625/FYP/commits/46b837b58640363d3dee988d3825fc5b4562e627 HTTP/1.1" 200 None
DEBUG:urllib3.connectionpool:Starting new HTTPS connection (1): api.github.com:443
DEBUG:urllib3.connectionpool:https://api.github.com:443 "GET /repos/isuru9625/FYP/commits/3afe697a2c039aa05c4bcd2bab0e4959032f3272 HTTP/1.1" 200 None
DEBUG:urllib3.connectionpool:Starting new HTTPS connection (1): api.github.com:443
DEBUG:urllib3.connectionpool:https://api.github.com:443 "GET /repos/isuru9625/FYP/commits/75deb11987b207348d1cafdeb7cc45a863b518ec HTTP/1.1" 200 None
DEBUG:urllib3.connectionpool:Starting new HTTPS connection (1): api.github.com:443
DEBUG:urllib3.connectionpool:https://api.github.com:443 "GET /repos/isuru9625/FYP/commits/20602d7fd43013d7a1e6faa36323cc039f70ca23 HTTP/1.1" 200 None
DEBUG:urllib3.connectionpool:Starting new HTTPS connection (1): api.github.com:443
DEBUG:urllib3.connectionpool:https://api.github.com:443 "GET /repos/isuru9625/FYP/commits/cd63975e3e1e7fd7e1947db15f03dd1487213e1f HTTP/1.1" 200 None
DEBUG:urllib3.connectionpool:Starting new HTTPS connection (1): api.github.com:443
DEBUG:urllib3.connectionpool:https://api.github.com:443 "GET /repos/isuru9625/FYP/commits/9351803b54119a29c883cc7fcf6f9ff4b68c0062 HTTP/1.1" 200 None
DEBUG:urllib3.connectionpool:Starting new HTTPS connection (1): api.github.com:443
DEBUG:urllib3.connectionpool:https://api.github.com:443 "GET /repos/isuru9625/FYP/commits/50435653a0d6ab8c615b470f96e45c30538b5cc8 HTTP/1.1" 200 None
DEBUG:urllib3.connectionpool:Starting new HTTPS connection (1): api.github.com:443
DEBUG:urllib3.connectionpool:https://api.github.com:443 "GET /repos/isuru9625/FYP/commits/c80df786046919b79d24f9fa02b87386ea83e13a HTTP/1.1" 200 None
DEBUG:urllib3.connectionpool:Starting new HTTPS connection (1): api.github.com:443
DEBUG:urllib3.connectionpool:https://api.github.com:443 "GET /repos/isuru9625/FYP/commits/53a5a3992269b8f45742787ef51526ba08c017a2 HTTP/1.1" 200 None
DEBUG:urllib3.connectionpool:Starting new HTTPS connection (1): api.github.com:443
DEBUG:urllib3.connectionpool:https://api.github.com:443 "GET /repos/isuru9625/FYP/commits/cc7d78c9a0f878d980f923a9164b80e13bd8685e HTTP/1.1" 200 None
DEBUG:urllib3.connectionpool:Starting new HTTPS connection (1): api.github.com:443
DEBUG:urllib3.connectionpool:https://api.github.com:443 "GET /repos/isuru9625/FYP/commits/b7a3d860b2babde6fc670f703724848cd376b44b HTTP/1.1" 200 None
DEBUG:urllib3.connectionpool:Starting new HTTPS connection (1): api.github.com:443
DEBUG:urllib3.connectionpool:https://api.github.com:443 "GET /repos/isuru9625/FYP/commits/c6bcb6aaef62995f84678814bc23f49c974bfead HTTP/1.1" 200 None
DEBUG:urllib3.connectionpool:Starting new HTTPS connection (1): api.github.com:443
DEBUG:urllib3.connectionpool:https://api.github.com:443 "GET /repos/isuru9625/FYP/commits/6190a9eeb27dfbc1c0cc305396741ebaa255549d HTTP/1.1" 200 None
DEBUG:urllib3.connectionpool:Starting new HTTPS connection (1): api.github.com:443
DEBUG:urllib3.connectionpool:https://api.github.com:443 "GET /repos/isuru9625/FYP/commits/6ec13454d916478c382d85041591d00a18c3996c HTTP/1.1" 200 None
DEBUG:urllib3.connectionpool:Starting new HTTPS connection (1): api.github.com:443
DEBUG:urllib3.connectionpool:https://api.github.com:443 "GET /repos/isuru9625/FYP/commits/7047b4755ad6d5569bcd6fec758c1ac44b04c7d8 HTTP/1.1" 200 None
DEBUG:urllib3.connectionpool:Starting new HTTPS connection (1): api.github.com:443
DEBUG:urllib3.connectionpool:https://api.github.com:443 "GET /repos/isuru9625/FYP/commits/18651c534155ec72fa6547b69190f976fb8c5c7d HTTP/1.1" 200 None
DEBUG:urllib3.connectionpool:Starting new HTTPS connection (1): api.github.com:443
DEBUG:urllib3.connectionpool:https://api.github.com:443 "GET /repos/isuru9625/FYP/commits/cb5d38062bb87ec05dc4ece8547c0265dfa50d2c HTTP/1.1" 200 None
DEBUG:urllib3.connectionpool:Starting new HTTPS connection (1): api.github.com:443
DEBUG:urllib3.connectionpool:https://api.github.com:443 "GET /repos/isuru9625/FYP/commits/eb1cb4b0460a6bc8e6a8af8d99cd6d115d7b107e HTTP/1.1" 200 None
DEBUG:urllib3.connectionpool:Starting new HTTPS connection (1): api.github.com:443
DEBUG:urllib3.connectionpool:https://api.github.com:443 "GET /repos/isuru9625/FYP/commits?author=isuru9625&page=3 HTTP/1.1" 200 None
DEBUG:urllib3.connectionpool:Starting new HTTPS connection (1): api.github.com:443
DEBUG:urllib3.connectionpool:https://api.github.com:443 "GET /repos/isuru9625/FYP/commits/c38707ea8f94dc984fd6d68346024747e81af002 HTTP/1.1" 200 None
DEBUG:urllib3.connectionpool:Starting new HTTPS connection (1): api.github.com:443
DEBUG:urllib3.connectionpool:https://api.github.com:443 "GET /repos/isuru9625/FYP/commits/012b9cb841a5e662aa004fa8e75571474815e6ca HTTP/1.1" 200 None
DEBUG:urllib3.connectionpool:Starting new HTTPS connection (1): api.github.com:443
DEBUG:urllib3.connectionpool:https://api.github.com:443 "GET /repos/isuru9625/FYP/commits/ceb00bd3722f75379149408ee4af0e39a781648d HTTP/1.1" 200 None
DEBUG:urllib3.connectionpool:Starting new HTTPS connection (1): api.github.com:443
DEBUG:urllib3.connectionpool:https://api.github.com:443 "GET /repos/isuru9625/FYP/commits/2d3920f166a692e8f2a5a2ccee091afb3a175e56 HTTP/1.1" 200 None
DEBUG:urllib3.connectionpool:Starting new HTTPS connection (1): api.github.com:443
DEBUG:urllib3.connectionpool:https://api.github.com:443 "GET /repos/isuru9625/FYP/commits/c913d370f03d2fa147c66305b7536f287bea1314 HTTP/1.1" 200 None
DEBUG:urllib3.connectionpool:Starting new HTTPS connection (1): api.github.com:443
DEBUG:urllib3.connectionpool:https://api.github.com:443 "GET /repos/isuru9625/FYP/commits/dd9c391de9b0b0b9836dc33e4b6a6ca1bf0c0b60 HTTP/1.1" 200 None
DEBUG:urllib3.connectionpool:Starting new HTTPS connection (1): api.github.com:443
DEBUG:urllib3.connectionpool:https://api.github.com:443 "GET /repos/isuru9625/FYP/commits/1b15e27a37b625d713cc52d4c51e72bff8eb8534 HTTP/1.1" 200 None
DEBUG:urllib3.connectionpool:Starting new HTTPS connection (1): api.github.com:443
DEBUG:urllib3.connectionpool:https://api.github.com:443 "GET /repos/isuru9625/FYP/commits/884c1354affc13764ea752734d2073dec001bdbb HTTP/1.1" 200 None
DEBUG:urllib3.connectionpool:Starting new HTTPS connection (1): api.github.com:443
DEBUG:urllib3.connectionpool:https://api.github.com:443 "GET /repos/isuru9625/FYP/commits/d2a5b3a3ed4b142160a302ca0fa52366377a6150 HTTP/1.1" 200 None
DEBUG:urllib3.connectionpool:Starting new HTTPS connection (1): api.github.com:443
DEBUG:urllib3.connectionpool:https://api.github.com:443 "GET /repos/isuru9625/FYP/commits/00314dd6dd2312e34984ed4759ed271bc98ae6b5 HTTP/1.1" 200 None
INFO:root:Metrics inserted successfully! ***
INFO:werkzeug:127.0.0.1 - - [07/Dec/2023 03:04:43] "GET /get_statistics?github_username=isuru9625&repository_owner=isuru9625&repository_name=FYP&access_token=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 HTTP/1.1" 200 -
